  Generate enclave test key
  Creating proxy/bridge routines
  Enclavenew.cpp
  Enclavenew_t.c
     Creating library C:\coolpricol\Enclavenew\x64\Debug\Enclavenew.lib and object C:\coolpricol\Enclavenew\x64\Debug\Enclavenew.exp
  Enclavenew.vcxproj -> C:\coolpricol\Enclavenew\x64\Debug\Enclavenew.dll
  sign the enclave
  The required memory is 0x15a000.
  <EnclaveConfiguration>
      <ProdID>0</ProdID>
      <ISVSVN>0</ISVSVN>
      <StackMaxSize>0x40000</StackMaxSize>
      <HeapMaxSize>0x100000</HeapMaxSize>
      <TCSNum>1</TCSNum>
      <TCSPolicy>1</TCSPolicy>
      <DisableDebug>0</DisableDebug>
      <MiscSelect>0</MiscSelect>
      <MiscMask>0xFFFFFFFF</MiscMask>
  </EnclaveConfiguration>
  Succeed.
